Using pre-set license
Built from '2022.3/release' branch; Version is '2022.3.18f1 (d29bea25151d) revision 13802474'; Using compiler version '192829333'; Build Type 'Release'
OS: 'Windows 10  (10.0.19045) 64bit Enterprise' Language: 'en' Physical Memory: 65224 MB
BatchMode: 1, IsHumanControllingUs: 0, StartBugReporterOnCrash: 0, Is64bit: 1, IsPro: 1

COMMAND LINE ARGUMENTS:
C:\Program Files\Unity 2022.3.18f1\Editor\Unity.exe
-adb2
-batchMode
-noUpm
-name
AssetImportWorker0
-projectPath
C:/Users/3dcc3f5365a4d11c/Documents/GitHub/IntroToUnity_DungeonCrawler
-logFile
Logs/AssetImportWorker0.log
-srvPort
64786
Successfully changed project path to: C:/Users/3dcc3f5365a4d11c/Documents/GitHub/IntroToUnity_DungeonCrawler
C:/Users/3dcc3f5365a4d11c/Documents/GitHub/IntroToUnity_DungeonCrawler
[UnityMemory] Configuration Parameters - Can be set up in boot.config
    "memorysetup-bucket-allocator-granularity=16"
    "memorysetup-bucket-allocator-bucket-count=8"
    "memorysetup-bucket-allocator-block-size=33554432"
    "memorysetup-bucket-allocator-block-count=8"
    "memorysetup-main-allocator-block-size=16777216"
    "memorysetup-thread-allocator-block-size=16777216"
    "memorysetup-gfx-main-allocator-block-size=16777216"
    "memorysetup-gfx-thread-allocator-block-size=16777216"
    "memorysetup-cache-allocator-block-size=4194304"
    "memorysetup-typetree-allocator-block-size=2097152"
    "memorysetup-profiler-bucket-allocator-granularity=16"
    "memorysetup-profiler-bucket-allocator-bucket-count=8"
    "memorysetup-profiler-bucket-allocator-block-size=33554432"
    "memorysetup-profiler-bucket-allocator-block-count=8"
    "memorysetup-profiler-allocator-block-size=16777216"
    "memorysetup-profiler-editor-allocator-block-size=1048576"
    "memorysetup-temp-allocator-size-main=16777216"
    "memorysetup-job-temp-allocator-block-size=2097152"
    "memorysetup-job-temp-allocator-block-size-background=1048576"
    "memorysetup-job-temp-allocator-reduction-small-platforms=262144"
    "memorysetup-allocator-temp-initial-block-size-main=262144"
    "memorysetup-allocator-temp-initial-block-size-worker=262144"
    "memorysetup-temp-allocator-size-background-worker=32768"
    "memorysetup-temp-allocator-size-job-worker=262144"
    "memorysetup-temp-allocator-size-preload-manager=33554432"
    "memorysetup-temp-allocator-size-nav-mesh-worker=65536"
    "memorysetup-temp-allocator-size-audio-worker=65536"
    "memorysetup-temp-allocator-size-cloud-worker=32768"
    "memorysetup-temp-allocator-size-gi-baking-worker=262144"
    "memorysetup-temp-allocator-size-gfx=262144"
Player connection [32492] Host "[IP] 172.27.14.128 [Port] 0 [Flags] 2 [Guid] 3540272201 [EditorId] 3540272201 [Version] 1048832 [Id] WindowsEditor(7,NS00J002010DE16) [Debug] 1 [PackageName] WindowsEditor [ProjectName] Editor" joined multi-casting on [225.0.0.222:54997]...

Player connection [32492] Host "[IP] 172.27.14.128 [Port] 0 [Flags] 2 [Guid] 3540272201 [EditorId] 3540272201 [Version] 1048832 [Id] WindowsEditor(7,NS00J002010DE16) [Debug] 1 [PackageName] WindowsEditor [ProjectName] Editor" joined alternative multi-casting on [225.0.0.222:34997]...

[Physics::Module] Initialized MultithreadedJobDispatcher with 19 workers.
Refreshing native plugins compatible for Editor in 14.45 ms, found 3 plugins.
Preloading 0 native plugins for Editor in 0.00 ms.
Initialize engine version: 2022.3.18f1 (d29bea25151d)
[Subsystems] Discovering subsystems at path C:/Program Files/Unity 2022.3.18f1/Editor/Data/Resources/UnitySubsystems
[Subsystems] Discovering subsystems at path C:/Users/3dcc3f5365a4d11c/Documents/GitHub/IntroToUnity_DungeonCrawler/Assets
GfxDevice: creating device client; threaded=0; jobified=0
Direct3D:
    Version:  Direct3D 11.0 [level 11.1]
    Renderer: NVIDIA GeForce RTX 3090 (ID=0x2204)
    Vendor:   NVIDIA
    VRAM:     24340 MB
    Driver:   31.0.15.4601
Initialize mono
Mono path[0] = 'C:/Program Files/Unity 2022.3.18f1/Editor/Data/Managed'
Mono path[1] = 'C:/Program Files/Unity 2022.3.18f1/Editor/Data/MonoBleedingEdge/lib/mono/unityjit-win32'
Mono config path = 'C:/Program Files/Unity 2022.3.18f1/Editor/Data/MonoBleedingEdge/etc'
Using monoOptions --debugger-agent=transport=dt_socket,embedding=1,server=y,suspend=n,address=127.0.0.1:56488
Begin MonoManager ReloadAssembly
Registering precompiled unity dll's ...
Register platform support module: C:/Program Files/Unity 2022.3.18f1/Editor/Data/PlaybackEngines/WebGLSupport/UnityEditor.WebGL.Extensions.dll
Register platform support module: C:/Program Files/Unity 2022.3.18f1/Editor/Data/PlaybackEngines/AndroidPlayer/UnityEditor.Android.Extensions.dll
Register platform support module: C:/Program Files/Unity 2022.3.18f1/Editor/Data/PlaybackEngines/WindowsStandaloneSupport/UnityEditor.WindowsStandalone.Extensions.dll
Registered in 0.012302 seconds.
- Loaded All Assemblies, in  0.434 seconds
Native extension for WindowsStandalone target not found
Native extension for Android target not found
Native extension for WebGL target not found
Mono: successfully reloaded assembly
- Finished resetting the current domain, in  0.392 seconds
Domain Reload Profiling: 824ms
	BeginReloadAssembly (131ms)
		ExecutionOrderSort (0ms)
		DisableScriptedObjects (0ms)
		BackupInstance (0ms)
		ReleaseScriptingObjects (0ms)
		CreateAndSetChildDomain (1ms)
	RebuildCommonClasses (37ms)
	RebuildNativeTypeToScriptingClass (13ms)
	initialDomainReloadingComplete (77ms)
	LoadAllAssembliesAndSetupDomain (174ms)
		LoadAssemblies (129ms)
		RebuildTransferFunctionScriptingTraits (0ms)
		AnalyzeDomain (170ms)
			TypeCache.Refresh (168ms)
				TypeCache.ScanAssembly (152ms)
			ScanForSourceGeneratedMonoScriptInfo (0ms)
			ResolveRequiredComponents (0ms)
	FinalizeReload (393ms)
		ReleaseScriptCaches (0ms)
		RebuildScriptCaches (0ms)
		SetupLoadedEditorAssemblies (330ms)
			LogAssemblyErrors (0ms)
			InitializePlatformSupportModulesInManaged (125ms)
			SetLoadedEditorAssemblies (5ms)
			RefreshPlugins (0ms)
			BeforeProcessingInitializeOnLoad (2ms)
			ProcessInitializeOnLoadAttributes (140ms)
			ProcessInitializeOnLoadMethodAttributes (57ms)
			AfterProcessingInitializeOnLoad (0ms)
			EditorAssembliesLoaded (0ms)
		ExecutionOrderSort2 (0ms)
		AwakeInstancesAfterBackupRestoration (0ms)
========================================================================
Worker process is ready to serve import requests
Begin MonoManager ReloadAssembly
- Loaded All Assemblies, in  0.809 seconds
Refreshing native plugins compatible for Editor in 5.28 ms, found 3 plugins.
Native extension for WindowsStandalone target not found
Native extension for Android target not found
Native extension for WebGL target not found
Package Manager log level set to [2]
[Package Manager] Server::EnsureServerProcessIsRunning -- launch failed, reason: Unity was launched with the -noUpm command-line argument
[Package Manager] UpmClient::Send -- Unable to send message (not connected to UPM process).
[Package Manager] Cannot connect to Unity Package Manager local server
Mono: successfully reloaded assembly
- Finished resetting the current domain, in  0.804 seconds
Domain Reload Profiling: 1608ms
	BeginReloadAssembly (156ms)
		ExecutionOrderSort (0ms)
		DisableScriptedObjects (8ms)
		BackupInstance (0ms)
		ReleaseScriptingObjects (0ms)
		CreateAndSetChildDomain (19ms)
	RebuildCommonClasses (40ms)
	RebuildNativeTypeToScriptingClass (13ms)
	initialDomainReloadingComplete (55ms)
	LoadAllAssembliesAndSetupDomain (541ms)
		LoadAssemblies (398ms)
		RebuildTransferFunctionScriptingTraits (0ms)
		AnalyzeDomain (231ms)
			TypeCache.Refresh (191ms)
				TypeCache.ScanAssembly (171ms)
			ScanForSourceGeneratedMonoScriptInfo (28ms)
			ResolveRequiredComponents (12ms)
	FinalizeReload (805ms)
		ReleaseScriptCaches (0ms)
		RebuildScriptCaches (0ms)
		SetupLoadedEditorAssemblies (605ms)
			LogAssemblyErrors (0ms)
			InitializePlatformSupportModulesInManaged (37ms)
			SetLoadedEditorAssemblies (4ms)
			RefreshPlugins (0ms)
			BeforeProcessingInitializeOnLoad (85ms)
			ProcessInitializeOnLoadAttributes (389ms)
			ProcessInitializeOnLoadMethodAttributes (81ms)
			AfterProcessingInitializeOnLoad (9ms)
			EditorAssembliesLoaded (0ms)
		ExecutionOrderSort2 (0ms)
		AwakeInstancesAfterBackupRestoration (8ms)
Launched and connected shader compiler UnityShaderCompiler.exe after 0.05 seconds
Refreshing native plugins compatible for Editor in 6.74 ms, found 3 plugins.
Preloading 0 native plugins for Editor in 0.00 ms.
Unloading 5331 Unused Serialized files (Serialized files now loaded: 0)
Unloading 70 unused Assets / (416.0 KB). Loaded Objects now: 5793.
Memory consumption went from 224.9 MB to 224.5 MB.
Total: 4.603300 ms (FindLiveObjects: 0.898100 ms CreateObjectMapping: 0.251400 ms MarkObjects: 3.189000 ms  DeleteObjects: 0.263200 ms)

AssetImportParameters requested are different than current active one (requested -> active):
  custom:container-demuxer-ogg: 62fdf1f143b41e24485cea50d1cbac27 -> 
  custom:video-decoder-ogg-theora: a1e56fd34408186e4bbccfd4996cb3dc -> 
  custom:framework-win-MediaFoundation: 216162199b28c13a410421893ffa2e32 -> 
  custom:CustomObjectIndexerAttribute: 62b5816608c3102f162a1797e29626cf -> 
  custom:container-demuxer-webm: 4f35f7cbe854078d1ac9338744f61a02 -> 
  custom:container-muxer-webm: aa71ff27fc2769a1b78a27578f13a17b -> 
  custom:video-decoder-webm-vp8: 9c59270c3fd7afecdb556c50c9e8de78 -> 
  custom:SearchIndexIgnoredProperties: e643bd26f0fe6173181afceb89e7c659 -> 
  custom:AudioImporter_EditorPlatform: d09bf68614088b80899f8185d706f6e7 -> 
  custom:video-encoder-webm-vp8: eb34c28f22e8b96e1ab97ce403110664 -> 
  custom:audio-decoder-ogg-vorbis: bf7c407c2cedff20999df2af8eb42d56 -> 
  custom:audio-encoder-webm-vorbis: bf7c407c2cedff20999df2af8eb42d56 -> 
========================================================================
Received Import Request.
  Time since last request: 101702.504151 seconds.
  path: Assets/Flame.mat
  artifactKey: Guid(43c51762e7736534e9f2a68604a2a7e9) Importer(815301076,1909f56bfc062723c751e8b465ee728b)
Start importing Assets/Flame.mat using Guid(43c51762e7736534e9f2a68604a2a7e9) Importer(815301076,1909f56bfc062723c751e8b465ee728b)  -> (artifact id: '16441c50caa3b9f82b703b4d8a7b23bd') in 0.422689 seconds
Number of updated asset objects reloaded before import = 0
Number of asset objects unloaded after import = 3
========================================================================
Received Import Request.
  Time since last request: 0.000030 seconds.
  path: Assets/Wall.mat
  artifactKey: Guid(b95345a545af1db4bb4499eda9e388d7) Importer(815301076,1909f56bfc062723c751e8b465ee728b)
Start importing Assets/Wall.mat using Guid(b95345a545af1db4bb4499eda9e388d7) Importer(815301076,1909f56bfc062723c751e8b465ee728b)  -> (artifact id: 'e2584a5ecd466f43b8934e70737f8fa5') in 0.030078 seconds
Number of updated asset objects reloaded before import = 0
Number of asset objects unloaded after import = 2
========================================================================
Received Import Request.
  Time since last request: 3447.373798 seconds.
  path: Assets/Scenes
  artifactKey: Guid(3aa9d647df3953a4082ecc9e0a785227) Importer(815301076,1909f56bfc062723c751e8b465ee728b)
Start importing Assets/Scenes using Guid(3aa9d647df3953a4082ecc9e0a785227) Importer(815301076,1909f56bfc062723c751e8b465ee728b)  -> (artifact id: 'ede163032693fd900556221639e64297') in 0.000844 seconds
Number of updated asset objects reloaded before import = 0
Number of asset objects unloaded after import = 0
========================================================================
Received Import Request.
  Time since last request: 1.805959 seconds.
  path: Assets/Scenes/SampleScene.unity
  artifactKey: Guid(99c9720ab356a0642a771bea13969a05) Importer(815301076,1909f56bfc062723c751e8b465ee728b)
Start importing Assets/Scenes/SampleScene.unity using Guid(99c9720ab356a0642a771bea13969a05) Importer(815301076,1909f56bfc062723c751e8b465ee728b)  -> (artifact id: '1b62421cab9ec7231c68eb0215910343') in 0.000688 seconds
Number of updated asset objects reloaded before import = 0
Number of asset objects unloaded after import = 0
========================================================================
Received Import Request.
  Time since last request: 1.405941 seconds.
  path: Assets/Scenes/Level.unity
  artifactKey: Guid(63bb6c1d65c585745b576a6e000882f8) Importer(815301076,1909f56bfc062723c751e8b465ee728b)
Start importing Assets/Scenes/Level.unity using Guid(63bb6c1d65c585745b576a6e000882f8) Importer(815301076,1909f56bfc062723c751e8b465ee728b)  -> (artifact id: '04fbc2988070ac2a8aa6da12f728c655') in 0.000597 seconds
Number of updated asset objects reloaded before import = 0
Number of asset objects unloaded after import = 0
========================================================================
Received Import Request.
  Time since last request: 71.855844 seconds.
  path: Assets/Scenes/Level
  artifactKey: Guid(1d7dd29803e79ab488f753dbd0274692) Importer(815301076,1909f56bfc062723c751e8b465ee728b)
Start importing Assets/Scenes/Level using Guid(1d7dd29803e79ab488f753dbd0274692) Importer(815301076,1909f56bfc062723c751e8b465ee728b)  -> (artifact id: 'f807c54e36a2dd016570f8121ff5fb56') in 0.000619 seconds
Number of updated asset objects reloaded before import = 0
Number of asset objects unloaded after import = 0
========================================================================
Received Import Request.
  Time since last request: 0.043351 seconds.
  path: Assets/Scenes/Level/Floor.mat
  artifactKey: Guid(676f95867a00df0489243debff890aa3) Importer(815301076,1909f56bfc062723c751e8b465ee728b)
Start importing Assets/Scenes/Level/Floor.mat using Guid(676f95867a00df0489243debff890aa3) Importer(815301076,1909f56bfc062723c751e8b465ee728b)  -> (artifact id: 'd1fe4c8c12631a6842cde84a610ca2de') in 1.016852 seconds
Number of updated asset objects reloaded before import = 0
Number of asset objects unloaded after import = 5
========================================================================
Received Import Request.
  Time since last request: 4.614340 seconds.
  path: Assets/Prefabs
  artifactKey: Guid(32908e85d78bd874687311de0b64eb6b) Importer(815301076,1909f56bfc062723c751e8b465ee728b)
Start importing Assets/Prefabs using Guid(32908e85d78bd874687311de0b64eb6b) Importer(815301076,1909f56bfc062723c751e8b465ee728b)  -> (artifact id: 'c0c89f87a38e7f0b4d6fd190b9c7f0d0') in 0.000732 seconds
Number of updated asset objects reloaded before import = 0
Number of asset objects unloaded after import = 0
========================================================================
Received Import Request.
  Time since last request: 0.045586 seconds.
  path: Assets/Prefabs/Basket.prefab
  artifactKey: Guid(e5fca2845ba004a43ab0bfe990972050) Importer(815301076,1909f56bfc062723c751e8b465ee728b)
Start importing Assets/Prefabs/Basket.prefab using Guid(e5fca2845ba004a43ab0bfe990972050) Importer(815301076,1909f56bfc062723c751e8b465ee728b)  -> (artifact id: '3387a8198db86bf90a2603f63c7db7b8') in 0.348052 seconds
Number of updated asset objects reloaded before import = 0
Number of asset objects unloaded after import = 40
========================================================================
Received Import Request.
  Time since last request: 0.000019 seconds.
  path: Assets/Prefabs/Key_Red.prefab
  artifactKey: Guid(a141ac24892e0a94aa5c838b46d36ee7) Importer(815301076,1909f56bfc062723c751e8b465ee728b)
Start importing Assets/Prefabs/Key_Red.prefab using Guid(a141ac24892e0a94aa5c838b46d36ee7) Importer(815301076,1909f56bfc062723c751e8b465ee728b)  -> (artifact id: 'ab38f5ca6364befa3e0b475a72248b2a') in 0.089933 seconds
Number of updated asset objects reloaded before import = 0
Number of asset objects unloaded after import = 40
========================================================================
Received Import Request.
  Time since last request: 0.000030 seconds.
  path: Assets/Prefabs/Torch.prefab
  artifactKey: Guid(ee4901fde6d2d0e4086b355bf250b2f6) Importer(815301076,1909f56bfc062723c751e8b465ee728b)
Start importing Assets/Prefabs/Torch.prefab using Guid(ee4901fde6d2d0e4086b355bf250b2f6) Importer(815301076,1909f56bfc062723c751e8b465ee728b)  -> (artifact id: 'df715aaed2be4528fffab98ce52eed07') in 0.016211 seconds
Number of updated asset objects reloaded before import = 0
Number of asset objects unloaded after import = 25
========================================================================
Received Import Request.
  Time since last request: 0.000017 seconds.
  path: Assets/Prefabs/Post Processing.prefab
  artifactKey: Guid(f7ca13ff85c49d54f95b214cbd71d14a) Importer(815301076,1909f56bfc062723c751e8b465ee728b)
Start importing Assets/Prefabs/Post Processing.prefab using Guid(f7ca13ff85c49d54f95b214cbd71d14a) Importer(815301076,1909f56bfc062723c751e8b465ee728b)  -> (artifact id: '263deb81a5cfa2812f9d8bb96850b9aa') in 0.002872 seconds
Number of updated asset objects reloaded before import = 0
Number of asset objects unloaded after import = 10
========================================================================
Received Import Request.
  Time since last request: 2.556273 seconds.
  path: Assets/Materials
  artifactKey: Guid(ebbc885599fd1984cbdc2edae54293fd) Importer(815301076,1909f56bfc062723c751e8b465ee728b)
Start importing Assets/Materials using Guid(ebbc885599fd1984cbdc2edae54293fd) Importer(815301076,1909f56bfc062723c751e8b465ee728b)  -> (artifact id: '8dac3f485039c89d226d80cc004e5fe7') in 0.000575 seconds
Number of updated asset objects reloaded before import = 0
Number of asset objects unloaded after import = 0
========================================================================
Received Import Request.
  Time since last request: 0.354597 seconds.
  path: Assets/Player
  artifactKey: Guid(52ce5677ba419e249b2cad730dbbf191) Importer(815301076,1909f56bfc062723c751e8b465ee728b)
Start importing Assets/Player using Guid(52ce5677ba419e249b2cad730dbbf191) Importer(815301076,1909f56bfc062723c751e8b465ee728b)  -> (artifact id: '84cf9a19cfa35a2b6f7e662203d4ad62') in 0.000722 seconds
Number of updated asset objects reloaded before import = 0
Number of asset objects unloaded after import = 0
========================================================================
Received Import Request.
  Time since last request: 6.488624 seconds.
  path: Assets/Doors.fbx
  artifactKey: Guid(552887e5f2d6b0d4c9d531c687403b02) Importer(815301076,1909f56bfc062723c751e8b465ee728b)
Start importing Assets/Doors.fbx using Guid(552887e5f2d6b0d4c9d531c687403b02) Importer(815301076,1909f56bfc062723c751e8b465ee728b)  -> (artifact id: '92fd32f9d5b32b5ffab09da358a00722') in 0.081017 seconds
Number of updated asset objects reloaded before import = 0
Number of asset objects unloaded after import = 31
========================================================================
Received Import Request.
  Time since last request: 197.913657 seconds.
  path: Assets/lambert3.mat
  artifactKey: Guid(77d955d04d388d54486f7bdbc40c54e3) Importer(815301076,1909f56bfc062723c751e8b465ee728b)
Start importing Assets/lambert3.mat using Guid(77d955d04d388d54486f7bdbc40c54e3) Importer(815301076,1909f56bfc062723c751e8b465ee728b)  -> (artifact id: '6bb8f9760d2b3dcb3c0b4ca370d7f202') in 0.061336 seconds
Number of updated asset objects reloaded before import = 0
Number of asset objects unloaded after import = 2
========================================================================
Received Import Request.
  Time since last request: 0.000025 seconds.
  path: Assets/lambert6.mat
  artifactKey: Guid(0305c0d2817c5dd4a9b14b0f81124cb6) Importer(815301076,1909f56bfc062723c751e8b465ee728b)
Start importing Assets/lambert6.mat using Guid(0305c0d2817c5dd4a9b14b0f81124cb6) Importer(815301076,1909f56bfc062723c751e8b465ee728b)  -> (artifact id: 'dca1b6744a6aff1e4c0d0dc630e7c1f2') in 0.020011 seconds
Number of updated asset objects reloaded before import = 0
Number of asset objects unloaded after import = 2
========================================================================
Received Import Request.
  Time since last request: 0.000023 seconds.
  path: Assets/lambert5.mat
  artifactKey: Guid(e7fb69db52022f6469be60a96895ff19) Importer(815301076,1909f56bfc062723c751e8b465ee728b)
Start importing Assets/lambert5.mat using Guid(e7fb69db52022f6469be60a96895ff19) Importer(815301076,1909f56bfc062723c751e8b465ee728b)  -> (artifact id: '2b25652b3683e4da0428509f0c5f6ec8') in 0.017745 seconds
Number of updated asset objects reloaded before import = 0
Number of asset objects unloaded after import = 2
========================================================================
Received Import Request.
  Time since last request: 565.822865 seconds.
  path: Assets/Prefabs/Doors/pCube5.prefab
  artifactKey: Guid(cd424a4a9cc19f84b842ad54a21b64b7) Importer(815301076,1909f56bfc062723c751e8b465ee728b)
Start importing Assets/Prefabs/Doors/pCube5.prefab using Guid(cd424a4a9cc19f84b842ad54a21b64b7) Importer(815301076,1909f56bfc062723c751e8b465ee728b)  -> (artifact id: 'f277ae448112c99dc62618c24aefdaec') in 0.022649 seconds
Number of updated asset objects reloaded before import = 0
Number of asset objects unloaded after import = 9
========================================================================
Received Import Request.
  Time since last request: 140.835464 seconds.
  path: Assets/Prefabs/Doors/GrandDoor.prefab
  artifactKey: Guid(b6a2912db7b851f409446b6184a3cd00) Importer(815301076,1909f56bfc062723c751e8b465ee728b)
Start importing Assets/Prefabs/Doors/GrandDoor.prefab using Guid(b6a2912db7b851f409446b6184a3cd00) Importer(815301076,1909f56bfc062723c751e8b465ee728b)  -> (artifact id: '55001ac1f9e17aafc1266744b60d10b7') in 0.024008 seconds
Number of updated asset objects reloaded before import = 0
Number of asset objects unloaded after import = 9
========================================================================
Received Import Request.
  Time since last request: 10.392700 seconds.
  path: Assets/Prefabs/Doors/pCube5.prefab
  artifactKey: Guid(cd424a4a9cc19f84b842ad54a21b64b7) Importer(815301076,1909f56bfc062723c751e8b465ee728b)
Start importing Assets/Prefabs/Doors/pCube5.prefab using Guid(cd424a4a9cc19f84b842ad54a21b64b7) Importer(815301076,1909f56bfc062723c751e8b465ee728b)  -> (artifact id: '71f05b0d805c97f3b347491d18cd0166') in 0.025371 seconds
Number of updated asset objects reloaded before import = 0
Number of asset objects unloaded after import = 9
========================================================================
Received Import Request.
  Time since last request: 4.096372 seconds.
  path: Assets/Prefabs/Doors/pCube6.prefab
  artifactKey: Guid(f1b2a0a4d2bcc3b41b548e799f9f9d8a) Importer(815301076,1909f56bfc062723c751e8b465ee728b)
Start importing Assets/Prefabs/Doors/pCube6.prefab using Guid(f1b2a0a4d2bcc3b41b548e799f9f9d8a) Importer(815301076,1909f56bfc062723c751e8b465ee728b)  -> (artifact id: '5dce41a5e94d0077079890260110ed3c') in 0.013754 seconds
Number of updated asset objects reloaded before import = 0
Number of asset objects unloaded after import = 9
========================================================================
Received Import Request.
  Time since last request: 71.016442 seconds.
  path: Assets/Prefabs/Doors/GrandEntrenceDoorUVV.png
  artifactKey: Guid(dc2820b7f2871cb4098b1b548451e239) Importer(815301076,1909f56bfc062723c751e8b465ee728b)
Start importing Assets/Prefabs/Doors/GrandEntrenceDoorUVV.png using Guid(dc2820b7f2871cb4098b1b548451e239) Importer(815301076,1909f56bfc062723c751e8b465ee728b)  -> (artifact id: '018d0881c2a5324e5962336ef360e693') in 0.042357 seconds
Number of updated asset objects reloaded before import = 0
Number of asset objects unloaded after import = 2
========================================================================
Received Import Request.
  Time since last request: 0.000019 seconds.
  path: Assets/Prefabs/Doors/GreenDoorUVV.png
  artifactKey: Guid(2c7a2a27768084d439297b7dbebadefc) Importer(815301076,1909f56bfc062723c751e8b465ee728b)
Start importing Assets/Prefabs/Doors/GreenDoorUVV.png using Guid(2c7a2a27768084d439297b7dbebadefc) Importer(815301076,1909f56bfc062723c751e8b465ee728b)  -> (artifact id: '4a99c017479e3532512a2a5ddedf2cd1') in 0.024026 seconds
Number of updated asset objects reloaded before import = 0
Number of asset objects unloaded after import = 2
========================================================================
Received Import Request.
  Time since last request: 724.724966 seconds.
  path: Assets/Prefabs/Doors/BlueDoor.prefab
  artifactKey: Guid(f1b2a0a4d2bcc3b41b548e799f9f9d8a) Importer(815301076,1909f56bfc062723c751e8b465ee728b)
Start importing Assets/Prefabs/Doors/BlueDoor.prefab using Guid(f1b2a0a4d2bcc3b41b548e799f9f9d8a) Importer(815301076,1909f56bfc062723c751e8b465ee728b)  -> (artifact id: 'b58637c7a529cf4876933c5202a054d7') in 0.063679 seconds
Number of updated asset objects reloaded before import = 0
Number of asset objects unloaded after import = 10
========================================================================
Received Import Request.
  Time since last request: 0.000022 seconds.
  path: Assets/Prefabs/Doors/GrandDoor.mat
  artifactKey: Guid(0305c0d2817c5dd4a9b14b0f81124cb6) Importer(815301076,1909f56bfc062723c751e8b465ee728b)
Start importing Assets/Prefabs/Doors/GrandDoor.mat using Guid(0305c0d2817c5dd4a9b14b0f81124cb6) Importer(815301076,1909f56bfc062723c751e8b465ee728b)  -> (artifact id: '80bc979d375074cb4ade3fa63815e968') in 0.028892 seconds
Number of updated asset objects reloaded before import = 0
Number of asset objects unloaded after import = 3
========================================================================
Received Import Request.
  Time since last request: 0.000022 seconds.
  path: Assets/Prefabs/Doors/GreenDoor.mat
  artifactKey: Guid(e7fb69db52022f6469be60a96895ff19) Importer(815301076,1909f56bfc062723c751e8b465ee728b)
Start importing Assets/Prefabs/Doors/GreenDoor.mat using Guid(e7fb69db52022f6469be60a96895ff19) Importer(815301076,1909f56bfc062723c751e8b465ee728b)  -> (artifact id: 'a2fdc667f4f01c56894e56c084633f46') in 0.021318 seconds
Number of updated asset objects reloaded before import = 0
Number of asset objects unloaded after import = 3
Editor requested this worker to shutdown with reason: Scaling down because of idle timeout
TcpMessagingSession - receive error: operation aborted. errorcode: 995, details: The I/O operation has been aborted because of either a thread exit or an application request.
AssetImportWorker is now disconnected from the server
Process exiting
Exiting without the bug reporter. Application will terminate with return code 0