Using pre-set license
Built from '2022.3/release' branch; Version is '2022.3.18f1 (d29bea25151d) revision 13802474'; Using compiler version '192829333'; Build Type 'Release'
OS: 'Windows 10  (10.0.19045) 64bit Enterprise' Language: 'en' Physical Memory: 65224 MB
BatchMode: 1, IsHumanControllingUs: 0, StartBugReporterOnCrash: 0, Is64bit: 1, IsPro: 1

COMMAND LINE ARGUMENTS:
C:\Program Files\Unity 2022.3.18f1\Editor\Unity.exe
-adb2
-batchMode
-noUpm
-name
AssetImportWorker8
-projectPath
C:/Users/3dcc3f5365a4d11c/Documents/GitHub/IntroToUnity_DungeonCrawler
-logFile
Logs/AssetImportWorker8.log
-srvPort
64276
Successfully changed project path to: C:/Users/3dcc3f5365a4d11c/Documents/GitHub/IntroToUnity_DungeonCrawler
C:/Users/3dcc3f5365a4d11c/Documents/GitHub/IntroToUnity_DungeonCrawler
[UnityMemory] Configuration Parameters - Can be set up in boot.config
    "memorysetup-bucket-allocator-granularity=16"
    "memorysetup-bucket-allocator-bucket-count=8"
    "memorysetup-bucket-allocator-block-size=33554432"
    "memorysetup-bucket-allocator-block-count=8"
    "memorysetup-main-allocator-block-size=16777216"
    "memorysetup-thread-allocator-block-size=16777216"
    "memorysetup-gfx-main-allocator-block-size=16777216"
    "memorysetup-gfx-thread-allocator-block-size=16777216"
    "memorysetup-cache-allocator-block-size=4194304"
    "memorysetup-typetree-allocator-block-size=2097152"
    "memorysetup-profiler-bucket-allocator-granularity=16"
    "memorysetup-profiler-bucket-allocator-bucket-count=8"
    "memorysetup-profiler-bucket-allocator-block-size=33554432"
    "memorysetup-profiler-bucket-allocator-block-count=8"
    "memorysetup-profiler-allocator-block-size=16777216"
    "memorysetup-profiler-editor-allocator-block-size=1048576"
    "memorysetup-temp-allocator-size-main=16777216"
    "memorysetup-job-temp-allocator-block-size=2097152"
    "memorysetup-job-temp-allocator-block-size-background=1048576"
    "memorysetup-job-temp-allocator-reduction-small-platforms=262144"
    "memorysetup-allocator-temp-initial-block-size-main=262144"
    "memorysetup-allocator-temp-initial-block-size-worker=262144"
    "memorysetup-temp-allocator-size-background-worker=32768"
    "memorysetup-temp-allocator-size-job-worker=262144"
    "memorysetup-temp-allocator-size-preload-manager=33554432"
    "memorysetup-temp-allocator-size-nav-mesh-worker=65536"
    "memorysetup-temp-allocator-size-audio-worker=65536"
    "memorysetup-temp-allocator-size-cloud-worker=32768"
    "memorysetup-temp-allocator-size-gi-baking-worker=262144"
    "memorysetup-temp-allocator-size-gfx=262144"
Player connection [42224] Host "[IP] 172.27.15.174 [Port] 0 [Flags] 2 [Guid] 202365494 [EditorId] 202365494 [Version] 1048832 [Id] WindowsEditor(7,NS00J002004DE05) [Debug] 1 [PackageName] WindowsEditor [ProjectName] Editor" joined multi-casting on [225.0.0.222:54997]...

Player connection [42224] Host "[IP] 172.27.15.174 [Port] 0 [Flags] 2 [Guid] 202365494 [EditorId] 202365494 [Version] 1048832 [Id] WindowsEditor(7,NS00J002004DE05) [Debug] 1 [PackageName] WindowsEditor [ProjectName] Editor" joined alternative multi-casting on [225.0.0.222:34997]...

[Physics::Module] Initialized MultithreadedJobDispatcher with 19 workers.
Refreshing native plugins compatible for Editor in 86.78 ms, found 3 plugins.
Preloading 0 native plugins for Editor in 0.00 ms.
Initialize engine version: 2022.3.18f1 (d29bea25151d)
[Subsystems] Discovering subsystems at path C:/Program Files/Unity 2022.3.18f1/Editor/Data/Resources/UnitySubsystems
[Subsystems] Discovering subsystems at path C:/Users/3dcc3f5365a4d11c/Documents/GitHub/IntroToUnity_DungeonCrawler/Assets
GfxDevice: creating device client; threaded=0; jobified=0
Direct3D:
    Version:  Direct3D 11.0 [level 11.1]
    Renderer: NVIDIA RTX A4000 (ID=0x24b0)
    Vendor:   NVIDIA
    VRAM:     16169 MB
    Driver:   31.0.15.5161
Initialize mono
Mono path[0] = 'C:/Program Files/Unity 2022.3.18f1/Editor/Data/Managed'
Mono path[1] = 'C:/Program Files/Unity 2022.3.18f1/Editor/Data/MonoBleedingEdge/lib/mono/unityjit-win32'
Mono config path = 'C:/Program Files/Unity 2022.3.18f1/Editor/Data/MonoBleedingEdge/etc'
Using monoOptions --debugger-agent=transport=dt_socket,embedding=1,server=y,suspend=n,address=127.0.0.1:56740
Begin MonoManager ReloadAssembly
Registering precompiled unity dll's ...
Register platform support module: C:/Program Files/Unity 2022.3.18f1/Editor/Data/PlaybackEngines/WebGLSupport/UnityEditor.WebGL.Extensions.dll
Register platform support module: C:/Program Files/Unity 2022.3.18f1/Editor/Data/PlaybackEngines/AndroidPlayer/UnityEditor.Android.Extensions.dll
Register platform support module: C:/Program Files/Unity 2022.3.18f1/Editor/Data/PlaybackEngines/WindowsStandaloneSupport/UnityEditor.WindowsStandalone.Extensions.dll
Registered in 0.015797 seconds.
- Loaded All Assemblies, in  0.843 seconds
Native extension for WindowsStandalone target not found
Native extension for Android target not found
Native extension for WebGL target not found
Mono: successfully reloaded assembly
- Finished resetting the current domain, in  0.408 seconds
Domain Reload Profiling: 1248ms
	BeginReloadAssembly (127ms)
		ExecutionOrderSort (0ms)
		DisableScriptedObjects (0ms)
		BackupInstance (0ms)
		ReleaseScriptingObjects (0ms)
		CreateAndSetChildDomain (1ms)
	RebuildCommonClasses (150ms)
	RebuildNativeTypeToScriptingClass (13ms)
	initialDomainReloadingComplete (84ms)
	LoadAllAssembliesAndSetupDomain (467ms)
		LoadAssemblies (125ms)
		RebuildTransferFunctionScriptingTraits (0ms)
		AnalyzeDomain (463ms)
			TypeCache.Refresh (462ms)
				TypeCache.ScanAssembly (446ms)
			ScanForSourceGeneratedMonoScriptInfo (0ms)
			ResolveRequiredComponents (1ms)
	FinalizeReload (408ms)
		ReleaseScriptCaches (0ms)
		RebuildScriptCaches (0ms)
		SetupLoadedEditorAssemblies (342ms)
			LogAssemblyErrors (0ms)
			InitializePlatformSupportModulesInManaged (122ms)
			SetLoadedEditorAssemblies (5ms)
			RefreshPlugins (0ms)
			BeforeProcessingInitializeOnLoad (2ms)
			ProcessInitializeOnLoadAttributes (150ms)
			ProcessInitializeOnLoadMethodAttributes (63ms)
			AfterProcessingInitializeOnLoad (0ms)
			EditorAssembliesLoaded (0ms)
		ExecutionOrderSort2 (0ms)
		AwakeInstancesAfterBackupRestoration (0ms)
========================================================================
Worker process is ready to serve import requests
Begin MonoManager ReloadAssembly
- Loaded All Assemblies, in  0.936 seconds
Refreshing native plugins compatible for Editor in 5.21 ms, found 3 plugins.
Native extension for WindowsStandalone target not found
Native extension for Android target not found
Native extension for WebGL target not found
Package Manager log level set to [2]
[Package Manager] Server::EnsureServerProcessIsRunning -- launch failed, reason: Unity was launched with the -noUpm command-line argument
[Package Manager] UpmClient::Send -- Unable to send message (not connected to UPM process).
[Package Manager] Cannot connect to Unity Package Manager local server
Mono: successfully reloaded assembly
- Finished resetting the current domain, in  0.817 seconds
Domain Reload Profiling: 1747ms
	BeginReloadAssembly (171ms)
		ExecutionOrderSort (0ms)
		DisableScriptedObjects (6ms)
		BackupInstance (0ms)
		ReleaseScriptingObjects (0ms)
		CreateAndSetChildDomain (21ms)
	RebuildCommonClasses (47ms)
	RebuildNativeTypeToScriptingClass (13ms)
	initialDomainReloadingComplete (56ms)
	LoadAllAssembliesAndSetupDomain (643ms)
		LoadAssemblies (429ms)
		RebuildTransferFunctionScriptingTraits (0ms)
		AnalyzeDomain (319ms)
			TypeCache.Refresh (280ms)
				TypeCache.ScanAssembly (230ms)
			ScanForSourceGeneratedMonoScriptInfo (28ms)
			ResolveRequiredComponents (11ms)
	FinalizeReload (817ms)
		ReleaseScriptCaches (0ms)
		RebuildScriptCaches (0ms)
		SetupLoadedEditorAssemblies (606ms)
			LogAssemblyErrors (0ms)
			InitializePlatformSupportModulesInManaged (31ms)
			SetLoadedEditorAssemblies (4ms)
			RefreshPlugins (0ms)
			BeforeProcessingInitializeOnLoad (90ms)
			ProcessInitializeOnLoadAttributes (393ms)
			ProcessInitializeOnLoadMethodAttributes (78ms)
			AfterProcessingInitializeOnLoad (10ms)
			EditorAssembliesLoaded (0ms)
		ExecutionOrderSort2 (0ms)
		AwakeInstancesAfterBackupRestoration (8ms)
Launched and connected shader compiler UnityShaderCompiler.exe after 0.05 seconds
Refreshing native plugins compatible for Editor in 5.38 ms, found 3 plugins.
Preloading 0 native plugins for Editor in 0.00 ms.
Unloading 5400 Unused Serialized files (Serialized files now loaded: 0)
Unloading 70 unused Assets / (400.3 KB). Loaded Objects now: 5865.
Memory consumption went from 232.6 MB to 232.2 MB.
Total: 6.435600 ms (FindLiveObjects: 0.810500 ms CreateObjectMapping: 0.251400 ms MarkObjects: 5.100300 ms  DeleteObjects: 0.272100 ms)

AssetImportParameters requested are different than current active one (requested -> active):
  custom:container-demuxer-ogg: 62fdf1f143b41e24485cea50d1cbac27 -> 
  custom:video-decoder-ogg-theora: a1e56fd34408186e4bbccfd4996cb3dc -> 
  custom:framework-win-MediaFoundation: 216162199b28c13a410421893ffa2e32 -> 
  custom:CustomObjectIndexerAttribute: 62b5816608c3102f162a1797e29626cf -> 
  custom:container-demuxer-webm: 4f35f7cbe854078d1ac9338744f61a02 -> 
  custom:container-muxer-webm: aa71ff27fc2769a1b78a27578f13a17b -> 
  custom:video-decoder-webm-vp8: 9c59270c3fd7afecdb556c50c9e8de78 -> 
  custom:SearchIndexIgnoredProperties: e643bd26f0fe6173181afceb89e7c659 -> 
  custom:AudioImporter_EditorPlatform: d09bf68614088b80899f8185d706f6e7 -> 
  custom:video-encoder-webm-vp8: eb34c28f22e8b96e1ab97ce403110664 -> 
  custom:audio-decoder-ogg-vorbis: bf7c407c2cedff20999df2af8eb42d56 -> 
  custom:audio-encoder-webm-vorbis: bf7c407c2cedff20999df2af8eb42d56 -> 
========================================================================
Received Import Request.
  Time since last request: 261148.902019 seconds.
  path: Assets/Models/pillar_spiketrap.fbx
  artifactKey: Guid(d1a9e859d99208040a67a050aa789388) Importer(815301076,1909f56bfc062723c751e8b465ee728b)
Start importing Assets/Models/pillar_spiketrap.fbx using Guid(d1a9e859d99208040a67a050aa789388) Importer(815301076,1909f56bfc062723c751e8b465ee728b)  -> (artifact id: 'ddef94717ff5b652edac6c8ced7546db') in 0.755870 seconds
Number of updated asset objects reloaded before import = 0
Number of asset objects unloaded after import = 269
========================================================================
Received Import Request.
  Time since last request: 30.336461 seconds.
  path: Assets/Models/Pillar.prefab
  artifactKey: Guid(f689a06f69e79534b81b005f839cc53b) Importer(815301076,1909f56bfc062723c751e8b465ee728b)
Start importing Assets/Models/Pillar.prefab using Guid(f689a06f69e79534b81b005f839cc53b) Importer(815301076,1909f56bfc062723c751e8b465ee728b)  -> (artifact id: 'ecd0ff30033de3f647886e9833890d5b') in 0.020572 seconds
Number of updated asset objects reloaded before import = 0
Number of asset objects unloaded after import = 293
========================================================================
Received Import Request.
  Time since last request: 15.236046 seconds.
  path: Assets/Models/Spikes.prefab
  artifactKey: Guid(3743bb827c0dcca4b80320f45e864f67) Importer(815301076,1909f56bfc062723c751e8b465ee728b)
Start importing Assets/Models/Spikes.prefab using Guid(3743bb827c0dcca4b80320f45e864f67) Importer(815301076,1909f56bfc062723c751e8b465ee728b)  -> (artifact id: '810e030589946b64d1223cc4ffb579b9') in 0.023052 seconds
Number of updated asset objects reloaded before import = 0
Number of asset objects unloaded after import = 377
========================================================================
Received Prepare
Begin MonoManager ReloadAssembly
- Loaded All Assemblies, in  0.544 seconds
Refreshing native plugins compatible for Editor in 7.10 ms, found 3 plugins.
Native extension for WindowsStandalone target not found
Native extension for Android target not found
Native extension for WebGL target not found
[Package Manager] Server::EnsureServerProcessIsRunning -- launch failed, reason: Unity was launched with the -noUpm command-line argument
[Package Manager] UpmClient::Send -- Unable to send message (not connected to UPM process).
[Package Manager] Cannot connect to Unity Package Manager local server
Mono: successfully reloaded assembly
- Finished resetting the current domain, in  1.862 seconds
Domain Reload Profiling: 2402ms
	BeginReloadAssembly (181ms)
		ExecutionOrderSort (0ms)
		DisableScriptedObjects (12ms)
		BackupInstance (0ms)
		ReleaseScriptingObjects (0ms)
		CreateAndSetChildDomain (37ms)
	RebuildCommonClasses (34ms)
	RebuildNativeTypeToScriptingClass (13ms)
	initialDomainReloadingComplete (34ms)
	LoadAllAssembliesAndSetupDomain (277ms)
		LoadAssemblies (348ms)
		RebuildTransferFunctionScriptingTraits (0ms)
		AnalyzeDomain (20ms)
			TypeCache.Refresh (6ms)
				TypeCache.ScanAssembly (0ms)
			ScanForSourceGeneratedMonoScriptInfo (0ms)
			ResolveRequiredComponents (12ms)
	FinalizeReload (1863ms)
		ReleaseScriptCaches (0ms)
		RebuildScriptCaches (0ms)
		SetupLoadedEditorAssemblies (701ms)
			LogAssemblyErrors (0ms)
			InitializePlatformSupportModulesInManaged (40ms)
			SetLoadedEditorAssemblies (7ms)
			RefreshPlugins (0ms)
			BeforeProcessingInitializeOnLoad (113ms)
			ProcessInitializeOnLoadAttributes (436ms)
			ProcessInitializeOnLoadMethodAttributes (92ms)
			AfterProcessingInitializeOnLoad (12ms)
			EditorAssembliesLoaded (0ms)
		ExecutionOrderSort2 (0ms)
		AwakeInstancesAfterBackupRestoration (28ms)
Refreshing native plugins compatible for Editor in 6.65 ms, found 3 plugins.
Preloading 0 native plugins for Editor in 0.00 ms.
Unloading 5212 Unused Serialized files (Serialized files now loaded: 0)
Unloading 42 unused Assets / (364.8 KB). Loaded Objects now: 5951.
Memory consumption went from 200.9 MB to 200.6 MB.
Total: 4.257200 ms (FindLiveObjects: 0.858600 ms CreateObjectMapping: 0.192500 ms MarkObjects: 2.995800 ms  DeleteObjects: 0.209700 ms)

Prepare: number of updated asset objects reloaded= 0
AssetImportParameters requested are different than current active one (requested -> active):
  custom:container-demuxer-ogg: 62fdf1f143b41e24485cea50d1cbac27 -> 
  custom:video-decoder-ogg-theora: a1e56fd34408186e4bbccfd4996cb3dc -> 
  custom:framework-win-MediaFoundation: 216162199b28c13a410421893ffa2e32 -> 
  custom:CustomObjectIndexerAttribute: 62b5816608c3102f162a1797e29626cf -> 
  custom:container-demuxer-webm: 4f35f7cbe854078d1ac9338744f61a02 -> 
  custom:container-muxer-webm: aa71ff27fc2769a1b78a27578f13a17b -> 
  custom:video-decoder-webm-vp8: 9c59270c3fd7afecdb556c50c9e8de78 -> 
  custom:SearchIndexIgnoredProperties: e643bd26f0fe6173181afceb89e7c659 -> 
  custom:AudioImporter_EditorPlatform: d09bf68614088b80899f8185d706f6e7 -> 
  custom:video-encoder-webm-vp8: eb34c28f22e8b96e1ab97ce403110664 -> 
  custom:audio-decoder-ogg-vorbis: bf7c407c2cedff20999df2af8eb42d56 -> 
  custom:audio-encoder-webm-vorbis: bf7c407c2cedff20999df2af8eb42d56 -> 
========================================================================
Received Import Request.
  Time since last request: 388.210343 seconds.
  path: Assets/Models/pillar_spiketrap.fbx
  artifactKey: Guid(d1a9e859d99208040a67a050aa789388) Importer(815301076,1909f56bfc062723c751e8b465ee728b)
Start importing Assets/Models/pillar_spiketrap.fbx using Guid(d1a9e859d99208040a67a050aa789388) Importer(815301076,1909f56bfc062723c751e8b465ee728b)  -> (artifact id: '407515c9a55acf6b4019b81b91d684fd') in 0.696469 seconds
Number of updated asset objects reloaded before import = 0
Number of asset objects unloaded after import = 287
========================================================================
Received Import Request.
  Time since last request: 0.081971 seconds.
  path: Assets/Models/aiStandardSurface4.mat
  artifactKey: Guid(c7070572776994d4ab89f58e05fcc900) Importer(815301076,1909f56bfc062723c751e8b465ee728b)
Start importing Assets/Models/aiStandardSurface4.mat using Guid(c7070572776994d4ab89f58e05fcc900) Importer(815301076,1909f56bfc062723c751e8b465ee728b)  -> (artifact id: 'c3dd52215ae875a4e16571dab3e0b7de') in 0.049966 seconds
Number of updated asset objects reloaded before import = 0
Number of asset objects unloaded after import = 2
========================================================================
Received Import Request.
  Time since last request: 0.000022 seconds.
  path: Assets/Models/Spikes.prefab
  artifactKey: Guid(3743bb827c0dcca4b80320f45e864f67) Importer(815301076,1909f56bfc062723c751e8b465ee728b)
Start importing Assets/Models/Spikes.prefab using Guid(3743bb827c0dcca4b80320f45e864f67) Importer(815301076,1909f56bfc062723c751e8b465ee728b)  -> (artifact id: '00717f9c0f2fed331fab811f9ae51ff5') in 0.031404 seconds
Number of updated asset objects reloaded before import = 0
Number of asset objects unloaded after import = 132
========================================================================
Received Import Request.
  Time since last request: 0.000022 seconds.
  path: Assets/Models/pillar_spiketrap.fbx
  artifactKey: Guid(d1a9e859d99208040a67a050aa789388) Importer(815301076,1909f56bfc062723c751e8b465ee728b)
Start importing Assets/Models/pillar_spiketrap.fbx using Guid(d1a9e859d99208040a67a050aa789388) Importer(815301076,1909f56bfc062723c751e8b465ee728b)  -> (artifact id: 'd9c570884231b8053092dd409f442195') in 0.182046 seconds
Number of updated asset objects reloaded before import = 0
Number of asset objects unloaded after import = 268
========================================================================
Received Import Request.
  Time since last request: 78.251374 seconds.
  path: Assets/Chest/Textures/Materials/Base_Chest_M.mat
  artifactKey: Guid(49ebaa13a7fcb1f468c88c32a793751a) Importer(815301076,1909f56bfc062723c751e8b465ee728b)
Start importing Assets/Chest/Textures/Materials/Base_Chest_M.mat using Guid(49ebaa13a7fcb1f468c88c32a793751a) Importer(815301076,1909f56bfc062723c751e8b465ee728b)  -> (artifact id: 'eaf46228439482651a24d4fea5be0b05') in 0.111461 seconds
Number of updated asset objects reloaded before import = 0
Number of asset objects unloaded after import = 7
========================================================================
Received Import Request.
  Time since last request: 0.000024 seconds.
  path: Assets/Materials/Fancy.mat
  artifactKey: Guid(b1e9a83b7643b374aad487a742ea8f70) Importer(815301076,1909f56bfc062723c751e8b465ee728b)
Start importing Assets/Materials/Fancy.mat using Guid(b1e9a83b7643b374aad487a742ea8f70) Importer(815301076,1909f56bfc062723c751e8b465ee728b)  -> (artifact id: '52a555828579de53413daab9c4df7da6') in 0.066603 seconds
Number of updated asset objects reloaded before import = 0
Number of asset objects unloaded after import = 7
========================================================================
Received Import Request.
  Time since last request: 0.000024 seconds.
  path: Assets/Scenes/Level/Floor.mat
  artifactKey: Guid(676f95867a00df0489243debff890aa3) Importer(815301076,1909f56bfc062723c751e8b465ee728b)
Start importing Assets/Scenes/Level/Floor.mat using Guid(676f95867a00df0489243debff890aa3) Importer(815301076,1909f56bfc062723c751e8b465ee728b)  -> (artifact id: '18810a376626edd0ca01fe9b1ab6faaf') in 0.037082 seconds
Number of updated asset objects reloaded before import = 0
Number of asset objects unloaded after import = 4
========================================================================
Received Import Request.
  Time since last request: 0.511035 seconds.
  path: Assets/Models/Spikes.prefab
  artifactKey: Guid(3743bb827c0dcca4b80320f45e864f67) Importer(815301076,1909f56bfc062723c751e8b465ee728b)
Start importing Assets/Models/Spikes.prefab using Guid(3743bb827c0dcca4b80320f45e864f67) Importer(815301076,1909f56bfc062723c751e8b465ee728b)  -> (artifact id: '6fef55ab8e51bae34937b69a98486155') in 0.020079 seconds
Number of updated asset objects reloaded before import = 0
Number of asset objects unloaded after import = 133
========================================================================
Received Import Request.
  Time since last request: 4.725061 seconds.
  path: Assets/Materials/PrismaticGem.mat
  artifactKey: Guid(d09d69fa5c6fb16478b323e31760d293) Importer(815301076,1909f56bfc062723c751e8b465ee728b)
Start importing Assets/Materials/PrismaticGem.mat using Guid(d09d69fa5c6fb16478b323e31760d293) Importer(815301076,1909f56bfc062723c751e8b465ee728b)  -> (artifact id: '7c9a4903ce234356ceffc4492202035e') in 0.034483 seconds
Number of updated asset objects reloaded before import = 0
Number of asset objects unloaded after import = 2
========================================================================
Received Import Request.
  Time since last request: 0.000035 seconds.
  path: Assets/Chest/Textures/Materials/Top_Chest_M.mat
  artifactKey: Guid(a41eea08e0111c540873de03ea237a45) Importer(815301076,1909f56bfc062723c751e8b465ee728b)
Start importing Assets/Chest/Textures/Materials/Top_Chest_M.mat using Guid(a41eea08e0111c540873de03ea237a45) Importer(815301076,1909f56bfc062723c751e8b465ee728b)  -> (artifact id: 'b5a6881149b903cf6a93c2c3cde83b09') in 0.061715 seconds
Number of updated asset objects reloaded before import = 0
Number of asset objects unloaded after import = 7
========================================================================
Received Import Request.
  Time since last request: 1.560075 seconds.
  path: Assets/Models/Spikes.prefab
  artifactKey: Guid(3743bb827c0dcca4b80320f45e864f67) Importer(815301076,1909f56bfc062723c751e8b465ee728b)
Start importing Assets/Models/Spikes.prefab using Guid(3743bb827c0dcca4b80320f45e864f67) Importer(815301076,1909f56bfc062723c751e8b465ee728b)  -> (artifact id: 'a3fb96886ff0cd740950f7f3f83c5d4d') in 0.020649 seconds
Number of updated asset objects reloaded before import = 0
Number of asset objects unloaded after import = 133
========================================================================
Received Import Request.
  Time since last request: 12.635881 seconds.
  path: Assets/Models/cellShading.mat
  artifactKey: Guid(864fcf974e8d2bf469b5a39f53088684) Importer(815301076,1909f56bfc062723c751e8b465ee728b)
Start importing Assets/Models/cellShading.mat using Guid(864fcf974e8d2bf469b5a39f53088684) Importer(815301076,1909f56bfc062723c751e8b465ee728b)  -> (artifact id: 'c9141da7c255d259e7b42146f1046693') in 0.019677 seconds
Number of updated asset objects reloaded before import = 0
Number of asset objects unloaded after import = 2
========================================================================
Received Import Request.
  Time since last request: 6.004352 seconds.
  path: Assets/Materials
  artifactKey: Guid(ebbc885599fd1984cbdc2edae54293fd) Importer(815301076,1909f56bfc062723c751e8b465ee728b)
Start importing Assets/Materials using Guid(ebbc885599fd1984cbdc2edae54293fd) Importer(815301076,1909f56bfc062723c751e8b465ee728b)  -> (artifact id: '8dac3f485039c89d226d80cc004e5fe7') in 0.001143 seconds
Number of updated asset objects reloaded before import = 0
Number of asset objects unloaded after import = 0
========================================================================
Received Import Request.
  Time since last request: 0.068384 seconds.
  path: Assets/Materials/PrismaticCookie_output.png
  artifactKey: Guid(4a3518a78b676fc498c40eafbcdd7a32) Importer(815301076,1909f56bfc062723c751e8b465ee728b)
Start importing Assets/Materials/PrismaticCookie_output.png using Guid(4a3518a78b676fc498c40eafbcdd7a32) Importer(815301076,1909f56bfc062723c751e8b465ee728b)  -> (artifact id: '1d4e195d147b3e2ebc5a6aab5ed369b7') in 0.037774 seconds
Number of updated asset objects reloaded before import = 0
Number of asset objects unloaded after import = 2
========================================================================
Received Import Request.
  Time since last request: 0.000020 seconds.
  path: Assets/Materials/Red.mat
  artifactKey: Guid(9dfe3a9a438ee9a4db4ac1ff03aca33a) Importer(815301076,1909f56bfc062723c751e8b465ee728b)
Start importing Assets/Materials/Red.mat using Guid(9dfe3a9a438ee9a4db4ac1ff03aca33a) Importer(815301076,1909f56bfc062723c751e8b465ee728b)  -> (artifact id: 'e626871e6fa42de1564d0b21e37d1546') in 0.061085 seconds
Number of updated asset objects reloaded before import = 0
Number of asset objects unloaded after import = 7
Editor requested this worker to shutdown with reason: Scaling down because of idle timeout
TcpMessagingSession - receive error: operation aborted. errorcode: 995, details: The I/O operation has been aborted because of either a thread exit or an application request.
AssetImportWorker is now disconnected from the server
Process exiting
Exiting without the bug reporter. Application will terminate with return code 0